Frontend/android/app/build/outputs/mapping/release/seeds.txt
com.nyaayveer.MainApplication
com.nyaayveer.MainActivity
com.nyaayveer.MainActivity: MainActivity()
com.nyaayveer.MainApplication: MainApplication()
...
androidx.recyclerview.widget.RecyclerView: void setLayoutFrozen(boolean)
com.facebook.fbreact.specs.NativeDevLoadingViewSpec: void hide()
com.facebook.react.bridge.queue.ReactQueueConfigurationImpl: void destroy()
com.facebook.react.bridge.ReadableNativeMap$entryIterator$1$1$next$1: ReadableNativeMap$entryIterator$1$1$next$1(java.lang.String[],int,java.lang.Object[])
com.facebook.react.bridge.CxxModuleWrapperBase: boolean canOverrideExistingModule()
com.facebook.fbreact.specs.NativeDeviceEventManagerSpec: NativeDeviceEventManagerSpec(com.facebook.react.bridge.ReactApplicationContext)
androidx.constraintlayout.widget.ConstraintHelper: void setIds(java.lang.String)
com.facebook.react.common.mapbuffer.ReadableMapBuffer: ReadableMapBuffer(com.facebook.jni.HybridData)
com.facebook.react.modules.network.NetworkingModule: void sendRequest(java.lang.String,java.lang.String,double,com.facebook.react.bridge.ReadableArray,com.facebook.react.bridge.ReadableMap,java.lang.String,boolean,double,boolean)
com.facebook.react.uimanager.UIManagerModule: com.facebook.react.bridge.WritableMap getDefaultEventTypes()
com.google.android.material.snackbar.SnackbarContentLayout: SnackbarContentLayout(android.content.Context,android.util.AttributeSet)
androidx.appcompat.widget.AppCompatCheckBox: void setButtonDrawable(int)
com.facebook.react.fabric.events.EventBeatManager: EventBeatManager()
com.facebook.react.bridge.JavaMethodWrapper: char paramTypeToChar(java.lang.Class)
com.facebook.react.views.textinput.ReactTextInputManager: java.util.Map getExportedViewConstants()
com.facebook.react.bridge.JavaScriptExecutorFactory: void stopSamplingProfiler(java.lang.String)
com.facebook.react.modules.dialog.DialogModule: com.facebook.react.bridge.ReactApplicationContext access$100(com.facebook.react.modules.dialog.DialogModule)
androidx.appcompat.widget.AppCompatImageButton: void setBackgroundResource(int)
com.swmansion.rnscreens.ScreenStackHeaderConfigViewManager: void removeViewAt(com.swmansion.rnscreens.ScreenStackHeaderConfig,int)
com.facebook.react.views.text.ReactTextViewManager: boolean needsCustomLayoutForChildren()
com.facebook.imagepipeline.request.ImageRequest$RequestLevel: com.facebook.imagepipeline.request.ImageRequest$RequestLevel[] values()
androidx.appcompat.widget.AppCompatTextHelper$Api24Impl: android.os.LocaleList forLanguageTags(java.lang.String)
com.swmansion.rnscreens.SearchBarView: void setShouldShowHintSearchIcon(boolean)
com.swmansion.rnscreens.SearchBarView: boolean getShouldOverrideBackButton()
com.facebook.fbreact.specs.NativeSettingsManagerSpec: java.util.Map getConstants()
androidx.appcompat.widget.AppCompatCheckBox: void setSupportBackgroundTintList(android.content.res.ColorStateList)
com.facebook.react.views.modal.ReactModalHostView: boolean getStatusBarTranslucent()
com.facebook.hermes.intl.NumberFormat: java.lang.String format(double)
com.facebook.react.runtime.JSTimerExecutor: void emitTimeDriftWarning(java.lang.String)
com.facebook.react.fabric.events.FabricEventEmitter: FabricEventEmitter(com.facebook.react.fabric.FabricUIManager)
com.facebook.react.bridge.JavaMethodWrapper$1: java.lang.Boolean extractArgument(com.facebook.react.bridge.JSInstance,com.facebook.react.bridge.ReadableArray,int)
com.facebook.react.views.drawer.ReactDrawerLayoutManager: void setDrawerLockMode(com.facebook.react.views.drawer.ReactDrawerLayout,java.lang.String)
com.dooboolab.audiorecorderplayer.RNAudioRecorderPlayerModule: void stopPlayer(com.facebook.react.bridge.Promise)
com.facebook.react.bridge.JavaModuleWrapper: java.util.List getMethodDescriptors()
com.facebook.react.internal.featureflags.ReactNativeFeatureFlagsAccessor: boolean enableSynchronousStateUpdates()
androidx.appcompat.widget.AppCompatTextView: void setFirstBaselineToTopHeight(int)