Frontend/android/app/build/outputs/mapping/release/usage.txt
com.nyaayveer.BuildConfig
com.nyaayveer.R$drawable
com.nyaayveer.R$integer
com.nyaayveer.R$mipmap
com.nyaayveer.R$string
com.nyaayveer.R$style
com.nyaayveer.R
...
com.google.android.material.internal.ViewOverlayApi18
com.google.android.material.internal.ViewOverlayImpl
com.google.android.material.internal.ViewUtils$2
com.google.android.material.internal.ViewUtils$RelativePadding:
    public void applyToView(android.view.View)
com.google.android.material.internal.ViewUtils:
    private void <init>()
    public static void addOnGlobalLayoutListener(android.view.View,android.view.ViewTreeObserver$OnGlobalLayoutListener)
    public static void doOnApplyWindowInsets(android.view.View,android.util.AttributeSet,int,int)
    public static void doOnApplyWindowInsets(android.view.View,android.util.AttributeSet,int,int,com.google.android.material.internal.ViewUtils$OnApplyWindowInsetsListener)
    public static android.view.ViewGroup getContentView(android.view.View)
    public static com.google.android.material.internal.ViewOverlayImpl getContentViewOverlay(android.view.View)
    public static com.google.android.material.internal.ViewOverlayImpl getOverlay(android.view.View)
    public static void removeOnGlobalLayoutListener(android.view.View,android.view.ViewTreeObserver$OnGlobalLayoutListener)
    public static void removeOnGlobalLayoutListener(android.view.ViewTreeObserver,android.view.ViewTreeObserver$OnGlobalLayoutListener)
com.google.android.material.internal.VisibilityAwareImageButton:
    private int userSetVisibility
    public void <init>(android.content.Context)
    public void <init>(android.content.Context,android.util.AttributeSet)
    public void <init>(android.content.Context,android.util.AttributeSet,int)
    public final void internalSetVisibility(int,boolean)
    public void setVisibility(int)
com.google.android.material.internal.package-info
com.google.android.material.math.MathUtils:
    public static final float DEFAULT_EPSILON
    private void <init>()
    public static float floorMod(float,int)
    public static int floorMod(int,int)
    public static boolean geq(float,float,float)
com.google.android.material.motion.MotionUtils
com.google.android.material.navigation.NavigationBarItemView$1
com.google.android.material.navigation.NavigationBarItemView$2
com.google.android.material.navigation.NavigationBarItemView$3
com.google.android.material.navigation.NavigationBarItemView$ActiveIndicatorTransform
com.google.android.material.navigation.NavigationBarItemView$ActiveIndicatorUnlabeledTransform
com.google.android.material.navigation.NavigationBarItemView
com.google.android.material.navigation.NavigationBarMenu
com.google.android.material.navigation.NavigationBarMenuView$1
com.google.android.material.navigation.NavigationBarMenuView
com.google.android.material.navigation.NavigationBarPresenter$SavedState$1
com.google.android.material.navigation.NavigationBarPresenter$SavedState
com.google.android.material.navigation.NavigationBarPresenter
com.google.android.material.navigation.NavigationBarView$1
com.google.android.material.navigation.NavigationBarView$LabelVisibility
com.google.android.material.navigation.NavigationBarView$OnItemReselectedListener
com.google.android.material.navigation.NavigationBarView$OnItemSelectedListener
com.google.android.material.navigation.NavigationBarView$SavedState$1
com.google.android.material.navigation.NavigationBarView$SavedState
com.google.android.material.navigation.NavigationBarView
com.google.android.material.navigation.NavigationView$1
com.google.android.material.navigation.NavigationView$2
com.google.android.material.navigation.NavigationView$OnNavigationItemSelectedListener
com.google.android.material.navigation.NavigationView$SavedState$1
com.google.android.material.navigation.NavigationView$SavedState
com.google.android.material.navigation.NavigationView
com.google.android.material.navigationrail.NavigationRailItemView
com.google.android.material.navigationrail.NavigationRailMenuView
com.google.android.material.navigationrail.NavigationRailView$1
com.google.android.material.navigationrail.NavigationRailView